

Started GET "/rails/info/properties" for 127.0.0.1 at Wed Feb 09 17:07:02 -0800 2011

RuntimeError (Please install the mysql2 adapter: `gem install activerecord-mysql2-adapter` (no such file to load -- active_record/connection_adapters/mysql2_adapter)):
  

Rendered /Library/Ruby/Gems/1.8/gems/actionpack-3.0.4/lib/action_dispatch/middleware/templates/rescues/_trace.erb (1.2ms)
Rendered /Library/Ruby/Gems/1.8/gems/actionpack-3.0.4/lib/action_dispatch/middleware/templates/rescues/_request_and_response.erb (2.5ms)
Rendered /Library/Ruby/Gems/1.8/gems/actionpack-3.0.4/lib/action_dispatch/middleware/templates/rescues/diagnostics.erb within rescues/layout (10.5ms)


Started GET "/rails/info/properties" for 127.0.0.1 at Wed Feb 09 17:07:06 -0800 2011

ActiveRecord::ConnectionNotEstablished (ActiveRecord::ConnectionNotEstablished):
  

Rendered /Library/Ruby/Gems/1.8/gems/actionpack-3.0.4/lib/action_dispatch/middleware/templates/rescues/_trace.erb (1.2ms)
Rendered /Library/Ruby/Gems/1.8/gems/actionpack-3.0.4/lib/action_dispatch/middleware/templates/rescues/_request_and_response.erb (1.6ms)
Rendered /Library/Ruby/Gems/1.8/gems/actionpack-3.0.4/lib/action_dispatch/middleware/templates/rescues/diagnostics.erb within rescues/layout (7.9ms)


Started GET "/rails/info/properties" for 127.0.0.1 at Wed Feb 09 17:07:07 -0800 2011

ActiveRecord::ConnectionNotEstablished (ActiveRecord::ConnectionNotEstablished):
  

Rendered /Library/Ruby/Gems/1.8/gems/actionpack-3.0.4/lib/action_dispatch/middleware/templates/rescues/_trace.erb (1.1ms)
Rendered /Library/Ruby/Gems/1.8/gems/actionpack-3.0.4/lib/action_dispatch/middleware/templates/rescues/_request_and_response.erb (1.7ms)
Rendered /Library/Ruby/Gems/1.8/gems/actionpack-3.0.4/lib/action_dispatch/middleware/templates/rescues/diagnostics.erb within rescues/layout (7.9ms)


Started GET "/rails/info/properties" for 127.0.0.1 at Wed Feb 09 17:07:09 -0800 2011

ActiveRecord::ConnectionNotEstablished (ActiveRecord::ConnectionNotEstablished):
  

Rendered /Library/Ruby/Gems/1.8/gems/actionpack-3.0.4/lib/action_dispatch/middleware/templates/rescues/_trace.erb (1.3ms)
Rendered /Library/Ruby/Gems/1.8/gems/actionpack-3.0.4/lib/action_dispatch/middleware/templates/rescues/_request_and_response.erb (1.7ms)
Rendered /Library/Ruby/Gems/1.8/gems/actionpack-3.0.4/lib/action_dispatch/middleware/templates/rescues/diagnostics.erb within rescues/layout (8.2ms)


Started GET "/rails/info/properties" for 127.0.0.1 at Wed Feb 09 17:08:04 -0800 2011
  Processing by Rails::InfoController#properties as 
  [1m[36mSQL (0.5ms)[0m  [1mSHOW TABLES[0m
  [1m[35mSQL (0.3ms)[0m  SHOW TABLES
  [1m[36mSQL (0.2ms)[0m  [1mSELECT `schema_migrations`.`version` FROM `schema_migrations`[0m
Rendered inline template (0.4ms)
Completed 200 OK in 20ms (Views: 1.5ms | ActiveRecord: 1.1ms)


Started GET "/rails/info/properties" for 127.0.0.1 at Wed Feb 09 17:08:10 -0800 2011
  Processing by Rails::InfoController#properties as 
Rendered inline template (0.3ms)
Completed 200 OK in 1ms (Views: 0.8ms | ActiveRecord: 0.0ms)


Started GET "/rails/info/properties" for 127.0.0.1 at Wed Feb 09 17:14:09 -0800 2011
  Processing by Rails::InfoController#properties as 
  [1m[36mSQL (0.5ms)[0m  [1mSHOW TABLES[0m
  [1m[35mSQL (0.4ms)[0m  SHOW TABLES
  [1m[36mSQL (0.2ms)[0m  [1mSELECT `schema_migrations`.`version` FROM `schema_migrations`[0m
Rendered inline template (0.5ms)
Completed 200 OK in 23ms (Views: 1.7ms | ActiveRecord: 1.2ms)


Started GET "/" for 127.0.0.1 at Wed Feb 09 17:17:53 -0800 2011
  Processing by HomeController#index as HTML
Rendered home/index.html.erb within layouts/application (2.3ms)
Completed 200 OK in 13ms (Views: 12.2ms | ActiveRecord: 0.0ms)


Started GET "/" for 127.0.0.1 at Wed Feb 09 17:17:54 -0800 2011
  Processing by HomeController#index as HTML
Rendered home/index.html.erb within layouts/application (4.3ms)
Completed 200 OK in 13ms (Views: 12.8ms | ActiveRecord: 0.0ms)


Started GET "/" for 127.0.0.1 at Wed Feb 09 17:18:00 -0800 2011
  Processing by HomeController#index as HTML
Rendered home/index.html.erb within layouts/application (2.1ms)
Completed 200 OK in 11ms (Views: 10.4ms | ActiveRecord: 0.0ms)


Started GET "/" for 127.0.0.1 at Wed Feb 09 17:24:10 -0800 2011
  Processing by HomeController#index as HTML
Completed 401 Unauthorized in 0ms


Started GET "/" for 127.0.0.1 at Wed Feb 09 17:24:18 -0800 2011
  Processing by HomeController#index as HTML
Rendered home/index.html.erb within layouts/application (2.1ms)
Completed 200 OK in 12ms (Views: 11.4ms | ActiveRecord: 0.0ms)


Started GET "/" for 127.0.0.1 at Wed Feb 09 17:24:27 -0800 2011
  Processing by HomeController#index as HTML
Completed 401 Unauthorized in 0ms


Started GET "/" for 127.0.0.1 at Wed Feb 09 17:24:27 -0800 2011
  Processing by HomeController#index as HTML
Completed 401 Unauthorized in 0ms


Started GET "/" for 127.0.0.1 at Wed Feb 09 17:24:29 -0800 2011
  Processing by HomeController#index as HTML
Completed 401 Unauthorized in 0ms


Started GET "/" for 127.0.0.1 at Wed Feb 09 17:24:55 -0800 2011
  Processing by HomeController#index as HTML
Completed 401 Unauthorized in 0ms


Started GET "/test" for 127.0.0.1 at Wed Feb 09 17:24:58 -0800 2011

ActionController::RoutingError (No route matches "/test"):
  

Rendered /Library/Ruby/Gems/1.8/gems/actionpack-3.0.4/lib/action_dispatch/middleware/templates/rescues/routing_error.erb within rescues/layout (0.9ms)


Started GET "/" for 127.0.0.1 at Wed Feb 09 17:25:08 -0800 2011
  Processing by HomeController#index as HTML
Completed 401 Unauthorized in 0ms


Started GET "/" for 127.0.0.1 at Wed Feb 09 17:25:47 -0800 2011
  Processing by HomeController#index as HTML
Completed 401 Unauthorized in 0ms


Started GET "/" for 127.0.0.1 at Wed Feb 09 17:25:57 -0800 2011
  Processing by HomeController#index as HTML
Completed 401 Unauthorized in 0ms


Started GET "/" for 127.0.0.1 at Wed Feb 09 17:25:58 -0800 2011
  Processing by HomeController#index as HTML
Rendered home/index.html.erb within layouts/application (2.1ms)
Completed 200 OK in 76ms (Views: 9.9ms | ActiveRecord: 0.0ms)


Started GET "/" for 127.0.0.1 at Wed Feb 09 17:26:00 -0800 2011
  Processing by HomeController#index as HTML
Rendered home/index.html.erb within layouts/application (2.1ms)
Completed 200 OK in 10ms (Views: 9.8ms | ActiveRecord: 0.0ms)


Started GET "/" for 127.0.0.1 at Wed Feb 09 17:26:01 -0800 2011
  Processing by HomeController#index as HTML
Rendered home/index.html.erb within layouts/application (2.1ms)
Completed 200 OK in 11ms (Views: 10.3ms | ActiveRecord: 0.0ms)


Started GET "/" for 127.0.0.1 at Wed Feb 09 17:26:07 -0800 2011
  Processing by HomeController#index as HTML
Completed 401 Unauthorized in 0ms


Started GET "/" for 127.0.0.1 at Wed Feb 09 17:26:07 -0800 2011
  Processing by HomeController#index as HTML
Completed 401 Unauthorized in 0ms


Started GET "/" for 127.0.0.1 at Wed Feb 09 17:26:08 -0800 2011
  Processing by HomeController#index as HTML
Completed 401 Unauthorized in 1ms


Started GET "/" for 127.0.0.1 at Wed Feb 09 17:26:11 -0800 2011
  Processing by HomeController#index as HTML
Completed 401 Unauthorized in 0ms
