12-Oct-2010 01:10:28.774 zone virtual-void.org/IN/internal: sending notifies (serial 2010101201)
12-Oct-2010 01:10:28.775 zone virtual-void.org/IN/external: sending notifies (serial 2010101201)
12-Oct-2010 01:10:28.775 client 70.70.144.12#32770: view external: received notify for zone 'virtual-void.org'
18-Oct-2010 23:44:59.651 zone virtual-void.org/IN/external: sending notifies (serial 2010101801)
18-Oct-2010 23:48:26.594 zone virtual-void.org/IN/external: sending notifies (serial 2010101801)
18-Oct-2010 23:51:07.907 zone virtual-void.org/IN/external: sending notifies (serial 2010101801)
19-Oct-2010 01:42:16.524 zone virtual-void.org/IN/external: sending notifies (serial 2010101801)
19-Oct-2010 01:45:49.704 zone virtual-void.org/IN/external: sending notifies (serial 2010101801)
19-Oct-2010 02:23:28.936 zone virtual-void.org/IN/external: sending notifies (serial 2010101801)
19-Oct-2010 03:05:38.435 zone virtual-void.org/IN/external: sending notifies (serial 2010101801)
19-Oct-2010 19:42:51.704 zone virtual-void.org/IN/external: sending notifies (serial 2010101801)
19-Oct-2010 20:17:55.825 zone virtual-void.org/IN/external: sending notifies (serial 2010101801)
20-Oct-2010 04:38:34.345 zone virtual-void.org/IN/external: sending notifies (serial 2010101801)
20-Oct-2010 11:20:03.049 zone virtual-void.org/IN/external: sending notifies (serial 2010101801)
20-Oct-2010 11:25:00.485 zone virtual-void.org/IN/external: sending notifies (serial 2010102001)
20-Oct-2010 14:43:59.068 zone virtual-void.org/IN/external: sending notifies (serial 2010102001)
20-Oct-2010 16:18:42.088 zone virtual-void.org/IN/external: sending notifies (serial 2010102001)
25-Oct-2010 23:47:34.722 zone virtual-void.org/IN/external: sending notifies (serial 2010102001)
27-Oct-2010 14:48:28.991 zone virtual-void.org/IN/external: sending notifies (serial 2010102001)
27-Oct-2010 15:44:29.532 zone virtual-void.org/IN/external: sending notifies (serial 2010102001)
27-Oct-2010 15:47:04.970 zone virtual-void.org/IN/external: sending notifies (serial 2010102001)
27-Oct-2010 16:13:31.630 zone virtual-void.org/IN/external: sending notifies (serial 2010102001)
27-Oct-2010 16:20:56.402 zone virtual-void.org/IN/external: sending notifies (serial 2010102701)
27-Oct-2010 16:22:09.864 zone virtual-void.org/IN/external: sending notifies (serial 2010102703)
27-Oct-2010 16:38:03.523 zone virtual-void.org/IN/external: sending notifies (serial 2010102703)
27-Oct-2010 22:26:24.595 zone virtual-void.org/IN/external: sending notifies (serial 2010102703)
28-Oct-2010 18:32:35.639 zone virtual-void.org/IN/external: sending notifies (serial 2010102703)
29-Oct-2010 00:35:32.041 zone virtual-void.org/IN/external: sending notifies (serial 2010102703)
01-Nov-2010 17:45:14.709 zone virtual-void.org/IN/external: sending notifies (serial 2010102703)
01-Nov-2010 17:57:43.714 zone virtual-void.org/IN/external: sending notifies (serial 2010102703)
11-Nov-2010 22:12:07.446 zone virtual-void.org/IN/external: sending notifies (serial 2010102703)
30-Nov-2010 11:38:53.956 zone virtual-void.org/IN/external: sending notifies (serial 2010102703)
03-Dec-2010 23:04:15.113 zone virtual-void.org/IN/external: sending notifies (serial 2010102703)
07-Dec-2010 20:33:54.530 zone virtual-void.org/IN/external: sending notifies (serial 2010102703)
07-Dec-2010 21:07:27.136 zone virtual-void.org/IN/external: sending notifies (serial 2010102703)
07-Dec-2010 22:18:09.097 zone virtual-void.org/IN/external: sending notifies (serial 2010102703)
